<?xml version="1.0" encoding="UTF-8"?>
<!-- Generated by org.testng.reporters.JUnitReportReporter -->
<testsuite hostname="Ashwin" failures="0" tests="1" name="com.thirdTrial.last.TestFirstt" time="35.790" errors="0" timestamp="08 Jan. 2021 05:09:34 GMT" skipped="0">
  <testcase classname="com.thirdTrial.last.TestFirstt" name="abc" time="35.790"/>
</testsuite> <!-- com.thirdTrial.last.TestFirstt -->
