<?xml version="1.0" encoding="UTF-8"?>
<!-- Generated by org.testng.reporters.JUnitReportReporter -->
<testsuite hostname="Ashwin" failures="0" tests="2" name="com.last.testcases.testCase1" time="7.624" errors="0" timestamp="10 Jan 2021 09:27:26 GMT" skipped="0">
  <testcase classname="com.last.testcases.testCase1" name="sec" time="1.772"/>
  <testcase classname="com.last.testcases.testCase1" name="abc" time="5.852"/>
</testsuite> <!-- com.last.testcases.testCase1 -->
