<?xml version="1.0" encoding="UTF-8"?>
<!-- Generated by org.testng.reporters.JUnitReportReporter -->
<testsuite skipped="0" hostname="Ashwin" name="BrowserTest" tests="1" failures="0" timestamp="2019-10-15T21:34:22 EDT" time="8.373" errors="0">
  <testcase name="actualSteps" time="8.373" classname="BrowserTest"/>
</testsuite> <!-- BrowserTest -->
