<?xml version="1.0" encoding="UTF-8"?>
<!-- Generated by org.testng.reporters.JUnitReportReporter -->
<testsuite skipped="0" hostname="Ashwin" name="BrowserTest" tests="1" failures="0" timestamp="2019-09-25T16:45:18 EDT" time="13.625" errors="0">
  <testcase name="actualSteps" time="13.625" classname="BrowserTest"/>
</testsuite> <!-- BrowserTest -->
