<?xml version="1.0" encoding="UTF-8"?>
<!-- Generated by org.testng.reporters.JUnitReportReporter -->
<testsuite skipped="0" hostname="Ashwin" name="BrowserTest" tests="1" failures="0" timestamp="2019-09-18T15:11:00 EDT" time="8.281" errors="0">
  <testcase name="actualSteps" time="8.281" classname="BrowserTest"/>
</testsuite> <!-- BrowserTest -->
