<?xml version="1.0" encoding="UTF-8"?>
<!-- Generated by org.testng.reporters.JUnitReportReporter -->
<testsuite skipped="0" hostname="Ashwin" name="FbLogTest" tests="1" failures="0" timestamp="2019-09-26T22:15:37 EDT" time="8.338" errors="0">
  <testcase name="fbLoginTest" time="8.338" classname="FbLogTest"/>
</testsuite> <!-- FbLogTest -->
