<?xml version="1.0" encoding="UTF-8"?>
<!-- Generated by org.testng.reporters.JUnitReportReporter -->
<testsuite hostname="Ashwin" failures="0" tests="1" name="com.secondTrial.start" time="4.753" errors="0" timestamp="27 Oct. 2020 18:54:36 GMT" skipped="0">
  <testcase classname="com.secondTrial.start" name="firstcase" time="4.753"/>
</testsuite> <!-- com.secondTrial.start -->
