<?xml version="1.0" encoding="UTF-8"?>
<!-- Generated by org.testng.reporters.JUnitReportReporter -->
<testsuite hostname="Ashwin" failures="0" tests="1" name="com.learn.automation.FirstTest" time="0.021" errors="0" timestamp="2020-10-19T19:38:02 EDT" skipped="0">
  <testcase classname="com.learn.automation.FirstTest" name="abc" time="0.021"/>
  <system-out/>
</testsuite> <!-- com.learn.automation.FirstTest -->
